<?xml version="1.0" encoding="UTF-8"?>
<!-- Generated by org.testng.reporters.JUnitXMLReporter -->
<testsuite hostname="DESKTOP-D6OVIS5" ignored="0" name="Command line test" tests="14" failures="0" timestamp="2021-11-17T10:37:06 PKT" time="204.289" errors="0">
  <testcase name="findPatient" time="7.862" classname="com.qa.testcases.FindPatientsTest"/>
  <testcase name="verifyFindPatientLabel" time="0.087" classname="com.qa.testcases.FindPatientsTest"/>
  <testcase name="findPatientsTest" time="2.905" classname="com.qa.testcases.HomepageTest"/>
  <testcase name="verifyHomePageTitleTest" time="0.01" classname="com.qa.testcases.HomepageTest"/>
  <testcase name="loginPageTitleTest" time="0.008" classname="com.qa.testcases.LoginPageTest"/>
  <testcase name="mrsImageLogoTest" time="0.065" classname="com.qa.testcases.LoginPageTest"/>
  <testcase name="loginTest" time="2.353" classname="com.qa.testcases.LoginPageTest"/>
  <testcase name="registerpatient" time="2.471" classname="com.qa.testcases.RegisterPatientTest"/>
  <testcase name="registerpatient" time="2.436" classname="com.qa.testcases.RegisterPatientTest"/>
  <testcase name="registerpatient" time="3.096" classname="com.qa.testcases.RegisterPatientTest"/>
  <testcase name="registerpatient" time="3.533" classname="com.qa.testcases.RegisterPatientTest"/>
  <testcase name="registerpatient" time="2.541" classname="com.qa.testcases.RegisterPatientTest"/>
  <testcase name="registerpatient" time="2.274" classname="com.qa.testcases.RegisterPatientTest"/>
  <testcase name="verifyRegisterPatientLabel" time="0.016" classname="com.qa.testcases.RegisterPatientTest"/>
</testsuite> <!-- Command line test -->
