<?xml version="1.0" encoding="UTF-8"?>
<testng-results skipped="0" failed="0" ignored="0" total="3" passed="3">
  <reporter-output>
  </reporter-output>
  <suite name="Open mrs Web Application" duration-ms="33090" started-at="2021-11-20T12:21:25 PKT" finished-at="2021-11-20T12:21:58 PKT">
    <groups>
    </groups>
    <test name="Open MRS Test Cases" duration-ms="33090" started-at="2021-11-20T12:21:25 PKT" finished-at="2021-11-20T12:21:58 PKT">
      <class name="com.qa.testcases.LoginPageTest">
        <test-method status="PASS" signature="setUp()[pri:0, instance:com.qa.testcases.LoginPageTest@3dddefd8]" name="setUp" is-config="true" duration-ms="13637" started-at="2021-11-20T12:21:25 PKT" finished-at="2021-11-20T12:21:39 PKT">
          <reporter-output>
          </reporter-output>
        </test-method> <!-- setUp -->
        <test-method status="PASS" signature="loginPageTitleTest()[pri:1, instance:com.qa.testcases.LoginPageTest@3dddefd8]" name="loginPageTitleTest" duration-ms="118" started-at="2021-11-20T12:21:39 PKT" finished-at="2021-11-20T12:21:39 PKT">
          <reporter-output>
          </reporter-output>
        </test-method> <!-- loginPageTitleTest -->
        <test-method status="PASS" signature="tearDown()[pri:0, instance:com.qa.testcases.LoginPageTest@3dddefd8]" name="tearDown" is-config="true" duration-ms="933" started-at="2021-11-20T12:21:39 PKT" finished-at="2021-11-20T12:21:40 PKT">
          <reporter-output>
          </reporter-output>
        </test-method> <!-- tearDown -->
        <test-method status="PASS" signature="setUp()[pri:0, instance:com.qa.testcases.LoginPageTest@3dddefd8]" name="setUp" is-config="true" duration-ms="6078" started-at="2021-11-20T12:21:40 PKT" finished-at="2021-11-20T12:21:46 PKT">
          <reporter-output>
          </reporter-output>
        </test-method> <!-- setUp -->
        <test-method status="PASS" signature="mrsImageLogoTest()[pri:2, instance:com.qa.testcases.LoginPageTest@3dddefd8]" name="mrsImageLogoTest" duration-ms="86" started-at="2021-11-20T12:21:46 PKT" finished-at="2021-11-20T12:21:46 PKT">
          <reporter-output>
          </reporter-output>
        </test-method> <!-- mrsImageLogoTest -->
        <test-method status="PASS" signature="tearDown()[pri:0, instance:com.qa.testcases.LoginPageTest@3dddefd8]" name="tearDown" is-config="true" duration-ms="753" started-at="2021-11-20T12:21:46 PKT" finished-at="2021-11-20T12:21:47 PKT">
          <reporter-output>
          </reporter-output>
        </test-method> <!-- tearDown -->
        <test-method status="PASS" signature="setUp()[pri:0, instance:com.qa.testcases.LoginPageTest@3dddefd8]" name="setUp" is-config="true" duration-ms="6885" started-at="2021-11-20T12:21:47 PKT" finished-at="2021-11-20T12:21:54 PKT">
          <reporter-output>
          </reporter-output>
        </test-method> <!-- setUp -->
        <test-method status="PASS" signature="loginTest()[pri:3, instance:com.qa.testcases.LoginPageTest@3dddefd8]" name="loginTest" duration-ms="3062" started-at="2021-11-20T12:21:54 PKT" finished-at="2021-11-20T12:21:57 PKT">
          <reporter-output>
          </reporter-output>
        </test-method> <!-- loginTest -->
        <test-method status="PASS" signature="tearDown()[pri:0, instance:com.qa.testcases.LoginPageTest@3dddefd8]" name="tearDown" is-config="true" duration-ms="746" started-at="2021-11-20T12:21:57 PKT" finished-at="2021-11-20T12:21:58 PKT">
          <reporter-output>
          </reporter-output>
        </test-method> <!-- tearDown -->
      </class> <!-- com.qa.testcases.LoginPageTest -->
    </test> <!-- Open MRS Test Cases -->
  </suite> <!-- Open mrs Web Application -->
</testng-results>
