<?xml version="1.0" encoding="UTF-8" ?>
<testsuite tests="14" failures="0" name="TestSuite" time="29.656" errors="0" skipped="0">
  <properties>
[...]
</properties>
  <testcase classname="com.qa.testcases.FindPatientsTest" name="findPatient" time="7.866"/>
  <testcase classname="com.qa.testcases.FindPatientsTest" name="verifyFindPatientLabel" time="0.088"/>
  <testcase classname="com.qa.testcases.HomepageTest" name="findPatientsTest" time="2.904"/>
  <testcase classname="com.qa.testcases.HomepageTest" name="verifyHomePageTitleTest" time="0.011"/>
  <testcase classname="com.qa.testcases.LoginPageTest" name="loginPageTitleTest" time="0.008"/>
  <testcase classname="com.qa.testcases.LoginPageTest" name="mrsImageLogoTest" time="0.066"/>
  <testcase classname="com.qa.testcases.LoginPageTest" name="loginTest" time="2.353"/>
  <testcase classname="com.qa.testcases.RegisterPatientTest" name="registerpatient" time="2.471"/>
  <testcase classname="com.qa.testcases.RegisterPatientTest" name="registerpatient" time="2.436"/>
  <testcase classname="com.qa.testcases.RegisterPatientTest" name="registerpatient" time="3.091"/>
  <testcase classname="com.qa.testcases.RegisterPatientTest" name="registerpatient" time="3.533"/>
  <testcase classname="com.qa.testcases.RegisterPatientTest" name="registerpatient" time="2.543"/>
  <testcase classname="com.qa.testcases.RegisterPatientTest" name="registerpatient" time="2.273"/>
  <testcase classname="com.qa.testcases.RegisterPatientTest" name="verifyRegisterPatientLabel" time="0.013"/>
</testsuite>