<?xml version="1.0" encoding="UTF-8"?>
<testng-results skipped="0" failed="0" ignored="0" total="14" passed="14">
  <reporter-output>
  </reporter-output>
  <suite name="Command line suite" duration-ms="204289" started-at="2021-11-17T10:33:41 PKT" finished-at="2021-11-17T10:37:06 PKT">
    <groups>
    </groups>
    <test name="Command line test" duration-ms="204289" started-at="2021-11-17T10:33:41 PKT" finished-at="2021-11-17T10:37:06 PKT">
      <class name="com.qa.testcases.HomepageTest">
        <test-method status="PASS" signature="setUp()[pri:0, instance:com.qa.testcases.HomepageTest@458c1321]" name="setUp" is-config="true" duration-ms="8105" started-at="2021-11-17T10:34:18 PKT" finished-at="2021-11-17T10:34:26 PKT">
          <reporter-output>
          </reporter-output>
        </test-method> <!-- setUp -->
        <test-method status="PASS" signature="findPatientsTest()[pri:0, instance:com.qa.testcases.HomepageTest@458c1321]" name="findPatientsTest" duration-ms="2905" started-at="2021-11-17T10:34:26 PKT" finished-at="2021-11-17T10:34:29 PKT">
          <reporter-output>
          </reporter-output>
        </test-method> <!-- findPatientsTest -->
        <test-method status="PASS" signature="tearDown()[pri:0, instance:com.qa.testcases.HomepageTest@458c1321]" name="tearDown" is-config="true" duration-ms="710" started-at="2021-11-17T10:34:29 PKT" finished-at="2021-11-17T10:34:30 PKT">
          <reporter-output>
          </reporter-output>
        </test-method> <!-- tearDown -->
        <test-method status="PASS" signature="setUp()[pri:0, instance:com.qa.testcases.HomepageTest@458c1321]" name="setUp" is-config="true" duration-ms="8414" started-at="2021-11-17T10:34:30 PKT" finished-at="2021-11-17T10:34:38 PKT">
          <reporter-output>
          </reporter-output>
        </test-method> <!-- setUp -->
        <test-method status="PASS" signature="verifyHomePageTitleTest()[pri:0, instance:com.qa.testcases.HomepageTest@458c1321]" name="verifyHomePageTitleTest" duration-ms="10" started-at="2021-11-17T10:34:38 PKT" finished-at="2021-11-17T10:34:38 PKT">
          <reporter-output>
          </reporter-output>
        </test-method> <!-- verifyHomePageTitleTest -->
        <test-method status="PASS" signature="tearDown()[pri:0, instance:com.qa.testcases.HomepageTest@458c1321]" name="tearDown" is-config="true" duration-ms="679" started-at="2021-11-17T10:34:38 PKT" finished-at="2021-11-17T10:34:39 PKT">
          <reporter-output>
          </reporter-output>
        </test-method> <!-- tearDown -->
      </class> <!-- com.qa.testcases.HomepageTest -->
      <class name="com.qa.testcases.FindPatientsTest">
        <test-method status="PASS" signature="setUp()[pri:0, instance:com.qa.testcases.FindPatientsTest@711f39f9]" name="setUp" is-config="true" duration-ms="15741" started-at="2021-11-17T10:33:42 PKT" finished-at="2021-11-17T10:33:57 PKT">
          <reporter-output>
          </reporter-output>
        </test-method> <!-- setUp -->
        <test-method status="PASS" signature="findPatient()[pri:0, instance:com.qa.testcases.FindPatientsTest@711f39f9]" name="findPatient" duration-ms="7862" started-at="2021-11-17T10:33:57 PKT" finished-at="2021-11-17T10:34:05 PKT">
          <reporter-output>
          </reporter-output>
        </test-method> <!-- findPatient -->
        <test-method status="PASS" signature="tearDown()[pri:0, instance:com.qa.testcases.FindPatientsTest@711f39f9]" name="tearDown" is-config="true" duration-ms="776" started-at="2021-11-17T10:34:05 PKT" finished-at="2021-11-17T10:34:06 PKT">
          <reporter-output>
          </reporter-output>
        </test-method> <!-- tearDown -->
        <test-method status="PASS" signature="setUp()[pri:0, instance:com.qa.testcases.FindPatientsTest@711f39f9]" name="setUp" is-config="true" duration-ms="11538" started-at="2021-11-17T10:34:06 PKT" finished-at="2021-11-17T10:34:17 PKT">
          <reporter-output>
          </reporter-output>
        </test-method> <!-- setUp -->
        <test-method status="PASS" signature="verifyFindPatientLabel()[pri:0, instance:com.qa.testcases.FindPatientsTest@711f39f9]" name="verifyFindPatientLabel" duration-ms="87" started-at="2021-11-17T10:34:17 PKT" finished-at="2021-11-17T10:34:18 PKT">
          <reporter-output>
          </reporter-output>
        </test-method> <!-- verifyFindPatientLabel -->
        <test-method status="PASS" signature="tearDown()[pri:0, instance:com.qa.testcases.FindPatientsTest@711f39f9]" name="tearDown" is-config="true" duration-ms="664" started-at="2021-11-17T10:34:18 PKT" finished-at="2021-11-17T10:34:18 PKT">
          <reporter-output>
          </reporter-output>
        </test-method> <!-- tearDown -->
      </class> <!-- com.qa.testcases.FindPatientsTest -->
      <class name="com.qa.testcases.RegisterPatientTest">
        <test-method status="PASS" signature="setUp()[pri:0, instance:com.qa.testcases.RegisterPatientTest@7a1ebcd8]" name="setUp" is-config="true" duration-ms="13767" started-at="2021-11-17T10:35:06 PKT" finished-at="2021-11-17T10:35:20 PKT">
          <reporter-output>
          </reporter-output>
        </test-method> <!-- setUp -->
        <test-method status="PASS" signature="registerpatient(java.lang.String,java.lang.String,java.lang.String,java.lang.String,java.lang.String,java.lang.String,java.lang.String,java.lang.String)[pri:0, instance:com.qa.testcases.RegisterPatientTest@7a1ebcd8]" name="registerpatient" duration-ms="2471" started-at="2021-11-17T10:35:20 PKT" data-provider="getMRSTestData" finished-at="2021-11-17T10:35:22 PKT">
          <params>
            <param index="0">
              <value>
                <![CDATA[Javeria]]>
              </value>
            </param>
            <param index="1">
              <value>
                <![CDATA[Nadeem]]>
              </value>
            </param>
            <param index="2">
              <value>
                <![CDATA[Female]]>
              </value>
            </param>
            <param index="3">
              <value>
                <![CDATA[15.0]]>
              </value>
            </param>
            <param index="4">
              <value>
                <![CDATA[January]]>
              </value>
            </param>
            <param index="5">
              <value>
                <![CDATA[2010.0]]>
              </value>
            </param>
            <param index="6">
              <value>
                <![CDATA[abc 123]]>
              </value>
            </param>
            <param index="7">
              <value>
                <![CDATA[0334-3156551]]>
              </value>
            </param>
          </params>
          <reporter-output>
          </reporter-output>
        </test-method> <!-- registerpatient -->
        <test-method status="PASS" signature="tearDown()[pri:0, instance:com.qa.testcases.RegisterPatientTest@7a1ebcd8]" name="tearDown" is-config="true" duration-ms="691" started-at="2021-11-17T10:35:22 PKT" finished-at="2021-11-17T10:35:23 PKT">
          <reporter-output>
          </reporter-output>
        </test-method> <!-- tearDown -->
        <test-method status="PASS" signature="setUp()[pri:0, instance:com.qa.testcases.RegisterPatientTest@7a1ebcd8]" name="setUp" is-config="true" duration-ms="12762" started-at="2021-11-17T10:35:23 PKT" finished-at="2021-11-17T10:35:35 PKT">
          <reporter-output>
          </reporter-output>
        </test-method> <!-- setUp -->
        <test-method status="PASS" signature="registerpatient(java.lang.String,java.lang.String,java.lang.String,java.lang.String,java.lang.String,java.lang.String,java.lang.String,java.lang.String)[pri:0, instance:com.qa.testcases.RegisterPatientTest@7a1ebcd8]" name="registerpatient" duration-ms="2436" started-at="2021-11-17T10:35:35 PKT" data-provider="getMRSTestData" finished-at="2021-11-17T10:35:38 PKT">
          <params>
            <param index="0">
              <value>
                <![CDATA[Qandeel]]>
              </value>
            </param>
            <param index="1">
              <value>
                <![CDATA[Asif]]>
              </value>
            </param>
            <param index="2">
              <value>
                <![CDATA[Female]]>
              </value>
            </param>
            <param index="3">
              <value>
                <![CDATA[16.0]]>
              </value>
            </param>
            <param index="4">
              <value>
                <![CDATA[February]]>
              </value>
            </param>
            <param index="5">
              <value>
                <![CDATA[2011.0]]>
              </value>
            </param>
            <param index="6">
              <value>
                <![CDATA[abc 456]]>
              </value>
            </param>
            <param index="7">
              <value>
                <![CDATA[0334-3156552]]>
              </value>
            </param>
          </params>
          <reporter-output>
          </reporter-output>
        </test-method> <!-- registerpatient -->
        <test-method status="PASS" signature="tearDown()[pri:0, instance:com.qa.testcases.RegisterPatientTest@7a1ebcd8]" name="tearDown" is-config="true" duration-ms="703" started-at="2021-11-17T10:35:38 PKT" finished-at="2021-11-17T10:35:39 PKT">
          <reporter-output>
          </reporter-output>
        </test-method> <!-- tearDown -->
        <test-method status="PASS" signature="setUp()[pri:0, instance:com.qa.testcases.RegisterPatientTest@7a1ebcd8]" name="setUp" is-config="true" duration-ms="13890" started-at="2021-11-17T10:35:39 PKT" finished-at="2021-11-17T10:35:53 PKT">
          <reporter-output>
          </reporter-output>
        </test-method> <!-- setUp -->
        <test-method status="PASS" signature="registerpatient(java.lang.String,java.lang.String,java.lang.String,java.lang.String,java.lang.String,java.lang.String,java.lang.String,java.lang.String)[pri:0, instance:com.qa.testcases.RegisterPatientTest@7a1ebcd8]" name="registerpatient" duration-ms="3096" started-at="2021-11-17T10:35:53 PKT" data-provider="getMRSTestData" finished-at="2021-11-17T10:35:56 PKT">
          <params>
            <param index="0">
              <value>
                <![CDATA[bilal]]>
              </value>
            </param>
            <param index="1">
              <value>
                <![CDATA[ahmed]]>
              </value>
            </param>
            <param index="2">
              <value>
                <![CDATA[Male]]>
              </value>
            </param>
            <param index="3">
              <value>
                <![CDATA[17.0]]>
              </value>
            </param>
            <param index="4">
              <value>
                <![CDATA[March]]>
              </value>
            </param>
            <param index="5">
              <value>
                <![CDATA[2012.0]]>
              </value>
            </param>
            <param index="6">
              <value>
                <![CDATA[abc 789]]>
              </value>
            </param>
            <param index="7">
              <value>
                <![CDATA[0334-3156553]]>
              </value>
            </param>
          </params>
          <reporter-output>
          </reporter-output>
        </test-method> <!-- registerpatient -->
        <test-method status="PASS" signature="tearDown()[pri:0, instance:com.qa.testcases.RegisterPatientTest@7a1ebcd8]" name="tearDown" is-config="true" duration-ms="1525" started-at="2021-11-17T10:35:56 PKT" finished-at="2021-11-17T10:35:57 PKT">
          <reporter-output>
          </reporter-output>
        </test-method> <!-- tearDown -->
        <test-method status="PASS" signature="setUp()[pri:0, instance:com.qa.testcases.RegisterPatientTest@7a1ebcd8]" name="setUp" is-config="true" duration-ms="13095" started-at="2021-11-17T10:35:57 PKT" finished-at="2021-11-17T10:36:10 PKT">
          <reporter-output>
          </reporter-output>
        </test-method> <!-- setUp -->
        <test-method status="PASS" signature="registerpatient(java.lang.String,java.lang.String,java.lang.String,java.lang.String,java.lang.String,java.lang.String,java.lang.String,java.lang.String)[pri:0, instance:com.qa.testcases.RegisterPatientTest@7a1ebcd8]" name="registerpatient" duration-ms="3533" started-at="2021-11-17T10:36:10 PKT" data-provider="getMRSTestData" finished-at="2021-11-17T10:36:14 PKT">
          <params>
            <param index="0">
              <value>
                <![CDATA[mauwia]]>
              </value>
            </param>
            <param index="1">
              <value>
                <![CDATA[atif]]>
              </value>
            </param>
            <param index="2">
              <value>
                <![CDATA[Male]]>
              </value>
            </param>
            <param index="3">
              <value>
                <![CDATA[18.0]]>
              </value>
            </param>
            <param index="4">
              <value>
                <![CDATA[April]]>
              </value>
            </param>
            <param index="5">
              <value>
                <![CDATA[2013.0]]>
              </value>
            </param>
            <param index="6">
              <value>
                <![CDATA[abc 123]]>
              </value>
            </param>
            <param index="7">
              <value>
                <![CDATA[0334-3156554]]>
              </value>
            </param>
          </params>
          <reporter-output>
          </reporter-output>
        </test-method> <!-- registerpatient -->
        <test-method status="PASS" signature="tearDown()[pri:0, instance:com.qa.testcases.RegisterPatientTest@7a1ebcd8]" name="tearDown" is-config="true" duration-ms="2457" started-at="2021-11-17T10:36:14 PKT" finished-at="2021-11-17T10:36:16 PKT">
          <reporter-output>
          </reporter-output>
        </test-method> <!-- tearDown -->
        <test-method status="PASS" signature="setUp()[pri:0, instance:com.qa.testcases.RegisterPatientTest@7a1ebcd8]" name="setUp" is-config="true" duration-ms="13771" started-at="2021-11-17T10:36:16 PKT" finished-at="2021-11-17T10:36:30 PKT">
          <reporter-output>
          </reporter-output>
        </test-method> <!-- setUp -->
        <test-method status="PASS" signature="registerpatient(java.lang.String,java.lang.String,java.lang.String,java.lang.String,java.lang.String,java.lang.String,java.lang.String,java.lang.String)[pri:0, instance:com.qa.testcases.RegisterPatientTest@7a1ebcd8]" name="registerpatient" duration-ms="2541" started-at="2021-11-17T10:36:30 PKT" data-provider="getMRSTestData" finished-at="2021-11-17T10:36:33 PKT">
          <params>
            <param index="0">
              <value>
                <![CDATA[waleed]]>
              </value>
            </param>
            <param index="1">
              <value>
                <![CDATA[waleed]]>
              </value>
            </param>
            <param index="2">
              <value>
                <![CDATA[Male]]>
              </value>
            </param>
            <param index="3">
              <value>
                <![CDATA[19.0]]>
              </value>
            </param>
            <param index="4">
              <value>
                <![CDATA[May]]>
              </value>
            </param>
            <param index="5">
              <value>
                <![CDATA[2014.0]]>
              </value>
            </param>
            <param index="6">
              <value>
                <![CDATA[abc 456]]>
              </value>
            </param>
            <param index="7">
              <value>
                <![CDATA[0334-3156555]]>
              </value>
            </param>
          </params>
          <reporter-output>
          </reporter-output>
        </test-method> <!-- registerpatient -->
        <test-method status="PASS" signature="tearDown()[pri:0, instance:com.qa.testcases.RegisterPatientTest@7a1ebcd8]" name="tearDown" is-config="true" duration-ms="753" started-at="2021-11-17T10:36:33 PKT" finished-at="2021-11-17T10:36:33 PKT">
          <reporter-output>
          </reporter-output>
        </test-method> <!-- tearDown -->
        <test-method status="PASS" signature="setUp()[pri:0, instance:com.qa.testcases.RegisterPatientTest@7a1ebcd8]" name="setUp" is-config="true" duration-ms="15144" started-at="2021-11-17T10:36:33 PKT" finished-at="2021-11-17T10:36:48 PKT">
          <reporter-output>
          </reporter-output>
        </test-method> <!-- setUp -->
        <test-method status="PASS" signature="registerpatient(java.lang.String,java.lang.String,java.lang.String,java.lang.String,java.lang.String,java.lang.String,java.lang.String,java.lang.String)[pri:0, instance:com.qa.testcases.RegisterPatientTest@7a1ebcd8]" name="registerpatient" duration-ms="2274" started-at="2021-11-17T10:36:48 PKT" data-provider="getMRSTestData" finished-at="2021-11-17T10:36:51 PKT">
          <params>
            <param index="0">
              <value>
                <![CDATA[abdullah]]>
              </value>
            </param>
            <param index="1">
              <value>
                <![CDATA[ibrahim]]>
              </value>
            </param>
            <param index="2">
              <value>
                <![CDATA[Male]]>
              </value>
            </param>
            <param index="3">
              <value>
                <![CDATA[20.0]]>
              </value>
            </param>
            <param index="4">
              <value>
                <![CDATA[June]]>
              </value>
            </param>
            <param index="5">
              <value>
                <![CDATA[2015.0]]>
              </value>
            </param>
            <param index="6">
              <value>
                <![CDATA[abc 789]]>
              </value>
            </param>
            <param index="7">
              <value>
                <![CDATA[0334-3156556]]>
              </value>
            </param>
          </params>
          <reporter-output>
          </reporter-output>
        </test-method> <!-- registerpatient -->
        <test-method status="PASS" signature="tearDown()[pri:0, instance:com.qa.testcases.RegisterPatientTest@7a1ebcd8]" name="tearDown" is-config="true" duration-ms="701" started-at="2021-11-17T10:36:51 PKT" finished-at="2021-11-17T10:36:51 PKT">
          <reporter-output>
          </reporter-output>
        </test-method> <!-- tearDown -->
        <test-method status="PASS" signature="setUp()[pri:0, instance:com.qa.testcases.RegisterPatientTest@7a1ebcd8]" name="setUp" is-config="true" duration-ms="13572" started-at="2021-11-17T10:36:51 PKT" finished-at="2021-11-17T10:37:05 PKT">
          <reporter-output>
          </reporter-output>
        </test-method> <!-- setUp -->
        <test-method status="PASS" signature="verifyRegisterPatientLabel()[pri:0, instance:com.qa.testcases.RegisterPatientTest@7a1ebcd8]" name="verifyRegisterPatientLabel" duration-ms="16" started-at="2021-11-17T10:37:05 PKT" finished-at="2021-11-17T10:37:05 PKT">
          <reporter-output>
          </reporter-output>
        </test-method> <!-- verifyRegisterPatientLabel -->
        <test-method status="PASS" signature="tearDown()[pri:0, instance:com.qa.testcases.RegisterPatientTest@7a1ebcd8]" name="tearDown" is-config="true" duration-ms="705" started-at="2021-11-17T10:37:05 PKT" finished-at="2021-11-17T10:37:06 PKT">
          <reporter-output>
          </reporter-output>
        </test-method> <!-- tearDown -->
      </class> <!-- com.qa.testcases.RegisterPatientTest -->
      <class name="com.qa.testcases.LoginPageTest">
        <test-method status="PASS" signature="setUp()[pri:0, instance:com.qa.testcases.LoginPageTest@11438d26]" name="setUp" is-config="true" duration-ms="5674" started-at="2021-11-17T10:34:39 PKT" finished-at="2021-11-17T10:34:45 PKT">
          <reporter-output>
          </reporter-output>
        </test-method> <!-- setUp -->
        <test-method status="PASS" signature="loginPageTitleTest()[pri:1, instance:com.qa.testcases.LoginPageTest@11438d26]" name="loginPageTitleTest" duration-ms="8" started-at="2021-11-17T10:34:45 PKT" finished-at="2021-11-17T10:34:45 PKT">
          <reporter-output>
          </reporter-output>
        </test-method> <!-- loginPageTitleTest -->
        <test-method status="PASS" signature="tearDown()[pri:0, instance:com.qa.testcases.LoginPageTest@11438d26]" name="tearDown" is-config="true" duration-ms="662" started-at="2021-11-17T10:34:45 PKT" finished-at="2021-11-17T10:34:45 PKT">
          <reporter-output>
          </reporter-output>
        </test-method> <!-- tearDown -->
        <test-method status="PASS" signature="setUp()[pri:0, instance:com.qa.testcases.LoginPageTest@11438d26]" name="setUp" is-config="true" duration-ms="9870" started-at="2021-11-17T10:34:45 PKT" finished-at="2021-11-17T10:34:55 PKT">
          <reporter-output>
          </reporter-output>
        </test-method> <!-- setUp -->
        <test-method status="PASS" signature="mrsImageLogoTest()[pri:2, instance:com.qa.testcases.LoginPageTest@11438d26]" name="mrsImageLogoTest" duration-ms="65" started-at="2021-11-17T10:34:55 PKT" finished-at="2021-11-17T10:34:55 PKT">
          <reporter-output>
          </reporter-output>
        </test-method> <!-- mrsImageLogoTest -->
        <test-method status="PASS" signature="tearDown()[pri:0, instance:com.qa.testcases.LoginPageTest@11438d26]" name="tearDown" is-config="true" duration-ms="683" started-at="2021-11-17T10:34:55 PKT" finished-at="2021-11-17T10:34:56 PKT">
          <reporter-output>
          </reporter-output>
        </test-method> <!-- tearDown -->
        <test-method status="PASS" signature="setUp()[pri:0, instance:com.qa.testcases.LoginPageTest@11438d26]" name="setUp" is-config="true" duration-ms="5494" started-at="2021-11-17T10:34:56 PKT" finished-at="2021-11-17T10:35:01 PKT">
          <reporter-output>
          </reporter-output>
        </test-method> <!-- setUp -->
        <test-method status="PASS" signature="loginTest()[pri:3, instance:com.qa.testcases.LoginPageTest@11438d26]" name="loginTest" duration-ms="2353" started-at="2021-11-17T10:35:01 PKT" finished-at="2021-11-17T10:35:04 PKT">
          <reporter-output>
          </reporter-output>
        </test-method> <!-- loginTest -->
        <test-method status="PASS" signature="tearDown()[pri:0, instance:com.qa.testcases.LoginPageTest@11438d26]" name="tearDown" is-config="true" duration-ms="713" started-at="2021-11-17T10:35:04 PKT" finished-at="2021-11-17T10:35:05 PKT">
          <reporter-output>
          </reporter-output>
        </test-method> <!-- tearDown -->
      </class> <!-- com.qa.testcases.LoginPageTest -->
    </test> <!-- Command line test -->
  </suite> <!-- Command line suite -->
</testng-results>
