<?xml version="1.0" encoding="UTF-8"?>
<!-- Generated by org.testng.reporters.JUnitXMLReporter -->
<testsuite ignored="0" hostname="DESKTOP-D6OVIS5" failures="0" tests="7" name="Open MRS Test Cases" time="123.148" errors="0" timestamp="2021-11-16T17:07:52 PKT">
  <testcase classname="com.qa.testcases.LoginPageTest" name="loginPageTitleTest" time="0.021"/>
  <testcase classname="com.qa.testcases.LoginPageTest" name="mrsImageLogoTest" time="0.068"/>
  <testcase classname="com.qa.testcases.LoginPageTest" name="loginTest" time="4.151"/>
  <testcase classname="com.qa.testcases.FindPatientsTest" name="findPatient" time="17.902"/>
  <testcase classname="com.qa.testcases.FindPatientsTest" name="verifyFindPatientLabel" time="0.068"/>
  <testcase classname="com.qa.testcases.HomepageTest" name="findPatientsTest" time="7.182"/>
  <testcase classname="com.qa.testcases.HomepageTest" name="verifyHomePageTitleTest" time="0.017"/>
</testsuite> <!-- Open MRS Test Cases -->
