<?xml version="1.0" encoding="UTF-8"?>
<!-- Generated by org.testng.reporters.JUnitXMLReporter -->
<testsuite ignored="0" hostname="DESKTOP-D6OVIS5" failures="0" tests="3" name="Open MRS Test Cases" time="56.364" errors="0" timestamp="2021-11-22T17:34:21 PKT">
  <testcase classname="com.qa.testcases.LoginPageTest" name="loginPageTitleTest" time="0.14"/>
  <testcase classname="com.qa.testcases.LoginPageTest" name="mrsImageLogoTest" time="0.133"/>
  <testcase classname="com.qa.testcases.LoginPageTest" name="loginTest" time="10.983"/>
</testsuite> <!-- Open MRS Test Cases -->
